0 info it worked if it ends with ok
1 verbose cli [ '/Users/Nathan/.nvm/versions/node/v4.0.0/bin/node',
1 verbose cli   '/Users/Nathan/.nvm/versions/node/v4.0.0/bin/npm',
1 verbose cli   'install' ]
2 info using npm@2.14.2
3 info using node@v4.0.0
4 verbose readDependencies loading dependencies from /Users/Nathan/workspace/tims/package.json
5 warn package.json boilerplate-redux-async@0.1.0 No repository field.
6 warn package.json Dependency 'eslint-config-standard' exists in both dependencies and devDependencies, using 'eslint-config-standard@^5.3.5' from dependencies
7 warn package.json Dependency 'eslint-plugin-promise' exists in both dependencies and devDependencies, using 'eslint-plugin-promise@^2.0.1' from dependencies
8 warn package.json Dependency 'eslint-plugin-react' exists in both dependencies and devDependencies, using 'eslint-plugin-react@^6.1.2' from dependencies
9 warn package.json Dependency 'eslint-plugin-standard' exists in both dependencies and devDependencies, using 'eslint-plugin-standard@^2.0.0' from dependencies
10 verbose install where, deps [ '/Users/Nathan/workspace/tims',
10 verbose install   [ 'babel-core',
10 verbose install     'babel-loader',
10 verbose install     'babel-preset-es2015',
10 verbose install     'babel-preset-react',
10 verbose install     'babel-preset-stage-0',
10 verbose install     'body-parser',
10 verbose install     'eslint',
10 verbose install     'eslint-config-standard',
10 verbose install     'eslint-plugin-promise',
10 verbose install     'eslint-plugin-react',
10 verbose install     'eslint-plugin-standard',
10 verbose install     'express',
10 verbose install     'prop-types',
10 verbose install     'react',
10 verbose install     'react-dom',
10 verbose install     'react-redux',
10 verbose install     'redux',
10 verbose install     'redux-thunk',
10 verbose install     'superagent',
10 verbose install     'webpack',
10 verbose install     'ava',
10 verbose install     'enzyme',
10 verbose install     'eslint-plugin-import',
10 verbose install     'eslint-plugin-node',
10 verbose install     'nock',
10 verbose install     'nodemon',
10 verbose install     'supertest',
10 verbose install     'webpack-dev-server' ] ]
11 verbose install where, peers [ '/Users/Nathan/workspace/tims', [] ]
12 verbose installManyTop reading for lifecycle /Users/Nathan/workspace/tims/package.json
13 info preinstall boilerplate-redux-async@0.1.0
14 verbose installManyTop reading scoped package data from /Users/Nathan/workspace/tims/node_modules/ava/package.json
15 verbose installManyTop reading scoped package data from /Users/Nathan/workspace/tims/node_modules/babel-core/package.json
16 verbose installManyTop reading scoped package data from /Users/Nathan/workspace/tims/node_modules/babel-loader/package.json
17 verbose installManyTop reading scoped package data from /Users/Nathan/workspace/tims/node_modules/babel-preset-es2015/package.json
18 verbose installManyTop reading scoped package data from /Users/Nathan/workspace/tims/node_modules/babel-preset-react/package.json
19 verbose installManyTop reading scoped package data from /Users/Nathan/workspace/tims/node_modules/babel-preset-stage-0/package.json
20 verbose installManyTop reading scoped package data from /Users/Nathan/workspace/tims/node_modules/body-parser/package.json
21 verbose installManyTop reading scoped package data from /Users/Nathan/workspace/tims/node_modules/enzyme/package.json
22 verbose installManyTop reading scoped package data from /Users/Nathan/workspace/tims/node_modules/eslint/package.json
23 verbose installManyTop reading scoped package data from /Users/Nathan/workspace/tims/node_modules/eslint-config-standard/package.json
24 verbose installManyTop reading scoped package data from /Users/Nathan/workspace/tims/node_modules/eslint-plugin-import/package.json
25 verbose installManyTop reading scoped package data from /Users/Nathan/workspace/tims/node_modules/eslint-plugin-node/package.json
26 verbose installManyTop reading scoped package data from /Users/Nathan/workspace/tims/node_modules/eslint-plugin-promise/package.json
27 verbose installManyTop reading scoped package data from /Users/Nathan/workspace/tims/node_modules/eslint-plugin-react/package.json
28 verbose installManyTop reading scoped package data from /Users/Nathan/workspace/tims/node_modules/eslint-plugin-standard/package.json
29 verbose installManyTop reading scoped package data from /Users/Nathan/workspace/tims/node_modules/express/package.json
30 verbose installManyTop reading scoped package data from /Users/Nathan/workspace/tims/node_modules/nock/package.json
31 verbose installManyTop reading scoped package data from /Users/Nathan/workspace/tims/node_modules/nodemon/package.json
32 verbose installManyTop reading scoped package data from /Users/Nathan/workspace/tims/node_modules/prop-types/package.json
33 verbose installManyTop reading scoped package data from /Users/Nathan/workspace/tims/node_modules/react/package.json
34 verbose installManyTop reading scoped package data from /Users/Nathan/workspace/tims/node_modules/react-dom/package.json
35 verbose installManyTop reading scoped package data from /Users/Nathan/workspace/tims/node_modules/react-redux/package.json
36 verbose installManyTop reading scoped package data from /Users/Nathan/workspace/tims/node_modules/redux/package.json
37 verbose installManyTop reading scoped package data from /Users/Nathan/workspace/tims/node_modules/redux-thunk/package.json
38 verbose installManyTop reading scoped package data from /Users/Nathan/workspace/tims/node_modules/superagent/package.json
39 verbose installManyTop reading scoped package data from /Users/Nathan/workspace/tims/node_modules/supertest/package.json
40 verbose installManyTop reading scoped package data from /Users/Nathan/workspace/tims/node_modules/webpack/package.json
41 verbose installManyTop reading scoped package data from /Users/Nathan/workspace/tims/node_modules/webpack-dev-server/package.json
42 verbose readDependencies loading dependencies from /Users/Nathan/workspace/tims/package.json
43 verbose targetResolver reading package data from /Users/Nathan/workspace/tims/node_modules/ava/package.json
44 verbose targetResolver reading package data from /Users/Nathan/workspace/tims/node_modules/babel-core/package.json
45 verbose targetResolver reading package data from /Users/Nathan/workspace/tims/node_modules/babel-loader/package.json
46 verbose targetResolver reading package data from /Users/Nathan/workspace/tims/node_modules/babel-preset-es2015/package.json
47 verbose targetResolver reading package data from /Users/Nathan/workspace/tims/node_modules/babel-preset-react/package.json
48 verbose targetResolver reading package data from /Users/Nathan/workspace/tims/node_modules/babel-preset-stage-0/package.json
49 verbose targetResolver reading package data from /Users/Nathan/workspace/tims/node_modules/body-parser/package.json
50 verbose targetResolver reading package data from /Users/Nathan/workspace/tims/node_modules/enzyme/package.json
51 verbose targetResolver reading package data from /Users/Nathan/workspace/tims/node_modules/eslint/package.json
52 verbose targetResolver reading package data from /Users/Nathan/workspace/tims/node_modules/eslint-config-standard/package.json
53 verbose targetResolver reading package data from /Users/Nathan/workspace/tims/node_modules/eslint-plugin-import/package.json
54 verbose targetResolver reading package data from /Users/Nathan/workspace/tims/node_modules/eslint-plugin-node/package.json
55 verbose targetResolver reading package data from /Users/Nathan/workspace/tims/node_modules/eslint-plugin-promise/package.json
56 verbose targetResolver reading package data from /Users/Nathan/workspace/tims/node_modules/eslint-plugin-react/package.json
57 verbose targetResolver reading package data from /Users/Nathan/workspace/tims/node_modules/eslint-plugin-standard/package.json
58 verbose targetResolver reading package data from /Users/Nathan/workspace/tims/node_modules/express/package.json
59 verbose targetResolver reading package data from /Users/Nathan/workspace/tims/node_modules/nock/package.json
60 verbose targetResolver reading package data from /Users/Nathan/workspace/tims/node_modules/nodemon/package.json
61 verbose targetResolver reading package data from /Users/Nathan/workspace/tims/node_modules/prop-types/package.json
62 verbose targetResolver reading package data from /Users/Nathan/workspace/tims/node_modules/react/package.json
63 verbose targetResolver reading package data from /Users/Nathan/workspace/tims/node_modules/react-dom/package.json
64 verbose targetResolver reading package data from /Users/Nathan/workspace/tims/node_modules/react-redux/package.json
65 verbose targetResolver reading package data from /Users/Nathan/workspace/tims/node_modules/redux/package.json
66 verbose targetResolver reading package data from /Users/Nathan/workspace/tims/node_modules/redux-thunk/package.json
67 verbose targetResolver reading package data from /Users/Nathan/workspace/tims/node_modules/superagent/package.json
68 verbose targetResolver reading package data from /Users/Nathan/workspace/tims/node_modules/supertest/package.json
69 verbose targetResolver reading package data from /Users/Nathan/workspace/tims/node_modules/webpack/package.json
70 verbose targetResolver reading package data from /Users/Nathan/workspace/tims/node_modules/webpack-dev-server/package.json
71 verbose targetResolver reading package data from /Users/Nathan/workspace/tims/node_modules/.bin/eslint/package.json
72 verbose already installed skipping superagent@^2.2.0 /Users/Nathan/workspace/tims
73 verbose already installed skipping webpack@^2.6.1 /Users/Nathan/workspace/tims
74 verbose already installed skipping ava@^0.19.1 /Users/Nathan/workspace/tims
75 verbose already installed skipping enzyme@^2.8.2 /Users/Nathan/workspace/tims
76 verbose already installed skipping eslint-plugin-import@^2.7.0 /Users/Nathan/workspace/tims
77 verbose already installed skipping eslint-plugin-node@^5.1.1 /Users/Nathan/workspace/tims
78 verbose already installed skipping nock@^9.0.13 /Users/Nathan/workspace/tims
79 verbose already installed skipping nodemon@^1.11.0 /Users/Nathan/workspace/tims
80 verbose already installed skipping supertest@^3.0.0 /Users/Nathan/workspace/tims
81 verbose already installed skipping webpack-dev-server@^2.4.5 /Users/Nathan/workspace/tims
82 verbose already installed skipping babel-core@^6.13.2 /Users/Nathan/workspace/tims
83 verbose already installed skipping babel-loader@^6.2.4 /Users/Nathan/workspace/tims
84 verbose already installed skipping babel-preset-es2015@^6.13.2 /Users/Nathan/workspace/tims
85 verbose already installed skipping babel-preset-react@^6.11.1 /Users/Nathan/workspace/tims
86 verbose already installed skipping babel-preset-stage-0@^6.24.1 /Users/Nathan/workspace/tims
87 verbose already installed skipping body-parser@^1.17.2 /Users/Nathan/workspace/tims
88 verbose already installed skipping eslint@^3.3.1 /Users/Nathan/workspace/tims
89 verbose already installed skipping eslint-config-standard@^5.3.5 /Users/Nathan/workspace/tims
90 verbose already installed skipping eslint-plugin-promise@^2.0.1 /Users/Nathan/workspace/tims
91 verbose already installed skipping eslint-plugin-react@^6.1.2 /Users/Nathan/workspace/tims
92 verbose already installed skipping eslint-plugin-standard@^2.0.0 /Users/Nathan/workspace/tims
93 verbose already installed skipping express@^4.15.3 /Users/Nathan/workspace/tims
94 verbose already installed skipping prop-types@^15.5.10 /Users/Nathan/workspace/tims
95 verbose already installed skipping react@^15.3.0 /Users/Nathan/workspace/tims
96 verbose already installed skipping react-dom@^15.3.0 /Users/Nathan/workspace/tims
97 verbose already installed skipping react-redux@^4.4.5 /Users/Nathan/workspace/tims
98 verbose already installed skipping redux@^3.5.2 /Users/Nathan/workspace/tims
99 verbose already installed skipping redux-thunk@^2.1.0 /Users/Nathan/workspace/tims
100 silly install resolved []
101 info build /Users/Nathan/workspace/tims
102 info linkStuff boilerplate-redux-async@0.1.0
103 silly linkStuff boilerplate-redux-async@0.1.0 has /Users/Nathan/workspace as its parent node_modules
104 verbose linkBins boilerplate-redux-async@0.1.0
105 verbose linkMans boilerplate-redux-async@0.1.0
106 verbose rebuildBundles boilerplate-redux-async@0.1.0
107 verbose rebuildBundles [ '.bin',
107 verbose rebuildBundles   'ava',
107 verbose rebuildBundles   'babel-core',
107 verbose rebuildBundles   'babel-loader',
107 verbose rebuildBundles   'babel-preset-es2015',
107 verbose rebuildBundles   'babel-preset-react',
107 verbose rebuildBundles   'babel-preset-stage-0',
107 verbose rebuildBundles   'body-parser',
107 verbose rebuildBundles   'enzyme',
107 verbose rebuildBundles   'eslint',
107 verbose rebuildBundles   'eslint-config-standard',
107 verbose rebuildBundles   'eslint-plugin-import',
107 verbose rebuildBundles   'eslint-plugin-node',
107 verbose rebuildBundles   'eslint-plugin-promise',
107 verbose rebuildBundles   'eslint-plugin-react',
107 verbose rebuildBundles   'eslint-plugin-standard',
107 verbose rebuildBundles   'express',
107 verbose rebuildBundles   'nock',
107 verbose rebuildBundles   'nodemon',
107 verbose rebuildBundles   'prop-types',
107 verbose rebuildBundles   'react',
107 verbose rebuildBundles   'react-dom',
107 verbose rebuildBundles   'react-redux',
107 verbose rebuildBundles   'redux',
107 verbose rebuildBundles   'redux-thunk',
107 verbose rebuildBundles   'superagent',
107 verbose rebuildBundles   'supertest',
107 verbose rebuildBundles   'webpack',
107 verbose rebuildBundles   'webpack-dev-server' ]
108 info install boilerplate-redux-async@0.1.0
109 info postinstall boilerplate-redux-async@0.1.0
110 verbose unsafe-perm in lifecycle true
111 info boilerplate-redux-async@0.1.0 Failed to exec postinstall script
112 verbose stack Error: boilerplate-redux-async@0.1.0 postinstall: `webpack`
112 verbose stack spawn ENOENT
112 verbose stack     at ChildProcess.<anonymous> (/Users/Nathan/.nvm/versions/node/v4.0.0/lib/node_modules/npm/lib/utils/spawn.js:17:16)
112 verbose stack     at emitTwo (events.js:87:13)
112 verbose stack     at ChildProcess.emit (events.js:172:7)
112 verbose stack     at maybeClose (internal/child_process.js:817:16)
112 verbose stack     at Process.ChildProcess._handle.onexit (internal/child_process.js:211:5)
113 verbose pkgid boilerplate-redux-async@0.1.0
114 verbose cwd /Users/Nathan/workspace/tims
115 error Darwin 16.7.0
116 error argv "/Users/Nathan/.nvm/versions/node/v4.0.0/bin/node" "/Users/Nathan/.nvm/versions/node/v4.0.0/bin/npm" "install"
117 error node v4.0.0
118 error npm  v2.14.2
119 error file sh
120 error code ELIFECYCLE
121 error errno ENOENT
122 error syscall spawn
123 error boilerplate-redux-async@0.1.0 postinstall: `webpack`
123 error spawn ENOENT
124 error Failed at the boilerplate-redux-async@0.1.0 postinstall script 'webpack'.
124 error This is most likely a problem with the boilerplate-redux-async package,
124 error not with npm itself.
124 error Tell the author that this fails on your system:
124 error     webpack
124 error You can get their info via:
124 error     npm owner ls boilerplate-redux-async
124 error There is likely additional logging output above.
125 verbose exit [ 1, true ]
